<?xml version="1.0" encoding="UTF-8"?>
<!-- Generated by org.testng.reporters.JUnitReportReporter -->
<testsuite hostname="DESKTOP-NG3RBDE" failures="0" tests="5" name="Runner_files.Signup_positive_scenario_runner" time="31.639" errors="0" timestamp="2021-05-07T12:13:53 IST" skipped="0">
  <testcase classname="Runner_files.Signup_positive_scenario_runner" name="runScenario" time="9.646"/>
  <system-out/>
  <testcase classname="Runner_files.Signup_positive_scenario_runner" name="runScenario" time="4.825"/>
  <system-out/>
  <testcase classname="Runner_files.Signup_positive_scenario_runner" name="runScenario" time="9.097"/>
  <system-out/>
  <testcase classname="Runner_files.Signup_positive_scenario_runner" name="runScenario" time="4.158"/>
  <system-out/>
  <testcase classname="Runner_files.Signup_positive_scenario_runner" name="runScenario" time="3.913"/>
  <system-out/>
</testsuite> <!-- Runner_files.Signup_positive_scenario_runner -->
