<?xml version="1.0" encoding="UTF-8"?>
<!-- Generated by org.testng.reporters.JUnitReportReporter -->
<testsuite hostname="DESKTOP-NG3RBDE" failures="0" tests="6" name="Runner_files.Login_negative_scenario_runner" time="47.460" errors="0" timestamp="2021-05-07T14:10:49 IST" skipped="0">
  <testcase classname="Runner_files.Login_negative_scenario_runner" name="runScenario" time="2.520"/>
  <system-out/>
  <testcase classname="Runner_files.Login_negative_scenario_runner" name="runScenario" time="4.568"/>
  <system-out/>
  <testcase classname="Runner_files.Login_negative_scenario_runner" name="runScenario" time="17.278"/>
  <system-out/>
  <testcase classname="Runner_files.Login_negative_scenario_runner" name="runScenario" time="13.201"/>
  <system-out/>
  <testcase classname="Runner_files.Login_negative_scenario_runner" name="runScenario" time="4.991"/>
  <system-out/>
  <testcase classname="Runner_files.Login_negative_scenario_runner" name="runScenario" time="4.902"/>
  <system-out/>
</testsuite> <!-- Runner_files.Login_negative_scenario_runner -->
