<?xml version="1.0" encoding="UTF-8"?>
<!-- Generated by org.testng.reporters.JUnitReportReporter -->
<testsuite hostname="DESKTOP-NG3RBDE" failures="0" tests="6" name="Runner_files.Services_positive_scenario_runner" time="65.389" errors="0" timestamp="2021-05-07T12:45:26 IST" skipped="0">
  <testcase classname="Runner_files.Services_positive_scenario_runner" name="runScenario" time="2.913"/>
  <system-out/>
  <testcase classname="Runner_files.Services_positive_scenario_runner" name="runScenario" time="40.276"/>
  <system-out/>
  <testcase classname="Runner_files.Services_positive_scenario_runner" name="runScenario" time="2.706"/>
  <system-out/>
  <testcase classname="Runner_files.Services_positive_scenario_runner" name="runScenario" time="10.501"/>
  <system-out/>
  <testcase classname="Runner_files.Services_positive_scenario_runner" name="runScenario" time="6.152"/>
  <system-out/>
  <testcase classname="Runner_files.Services_positive_scenario_runner" name="runScenario" time="2.841"/>
  <system-out/>
</testsuite> <!-- Runner_files.Services_positive_scenario_runner -->
