<?xml version="1.0" encoding="UTF-8"?>
<!-- Generated by org.testng.reporters.JUnitReportReporter -->
<testsuite hostname="DESKTOP-NG3RBDE" failures="0" tests="11" name="Runner_files.Home_header_positive_scenario_runner" time="74.511" errors="0" timestamp="2021-05-07T13:38:35 IST" skipped="0">
  <testcase classname="Runner_files.Home_header_positive_scenario_runner" name="runScenario" time="20.512"/>
  <system-out/>
  <testcase classname="Runner_files.Home_header_positive_scenario_runner" name="runScenario" time="5.367"/>
  <system-out/>
  <testcase classname="Runner_files.Home_header_positive_scenario_runner" name="runScenario" time="3.908"/>
  <system-out/>
  <testcase classname="Runner_files.Home_header_positive_scenario_runner" name="runScenario" time="2.271"/>
  <system-out/>
  <testcase classname="Runner_files.Home_header_positive_scenario_runner" name="runScenario" time="23.649"/>
  <system-out/>
  <testcase classname="Runner_files.Home_header_positive_scenario_runner" name="runScenario" time="1.920"/>
  <system-out/>
  <testcase classname="Runner_files.Home_header_positive_scenario_runner" name="runScenario" time="7.395"/>
  <system-out/>
  <testcase classname="Runner_files.Home_header_positive_scenario_runner" name="runScenario" time="2.298"/>
  <system-out/>
  <testcase classname="Runner_files.Home_header_positive_scenario_runner" name="runScenario" time="2.824"/>
  <system-out/>
  <testcase classname="Runner_files.Home_header_positive_scenario_runner" name="runScenario" time="0.793"/>
  <system-out/>
  <testcase classname="Runner_files.Home_header_positive_scenario_runner" name="runScenario" time="3.574"/>
  <system-out/>
</testsuite> <!-- Runner_files.Home_header_positive_scenario_runner -->
