<?xml version="1.0" encoding="UTF-8"?>
<!-- Generated by org.testng.reporters.JUnitReportReporter -->
<testsuite hostname="DESKTOP-NG3RBDE" failures="0" tests="3" name="Runner_files.Landing_positive_scenario_runner" time="17.131" errors="0" timestamp="2021-05-07T13:17:42 IST" skipped="0">
  <testcase classname="Runner_files.Landing_positive_scenario_runner" name="runScenario" time="2.052"/>
  <system-out/>
  <testcase classname="Runner_files.Landing_positive_scenario_runner" name="runScenario" time="11.088"/>
  <system-out/>
  <testcase classname="Runner_files.Landing_positive_scenario_runner" name="runScenario" time="3.991"/>
  <system-out/>
</testsuite> <!-- Runner_files.Landing_positive_scenario_runner -->
