<?xml version="1.0" encoding="UTF-8"?>
<!-- Generated by org.testng.reporters.JUnitReportReporter -->
<testsuite hostname="DESKTOP-NG3RBDE" failures="0" tests="6" name="Runner_files.Login_positive_scenario_runner" time="40.205" errors="0" timestamp="2021-05-07T13:40:13 IST" skipped="0">
  <testcase classname="Runner_files.Login_positive_scenario_runner" name="runScenario" time="0.476"/>
  <system-out/>
  <testcase classname="Runner_files.Login_positive_scenario_runner" name="runScenario" time="10.996"/>
  <system-out/>
  <testcase classname="Runner_files.Login_positive_scenario_runner" name="runScenario" time="4.242"/>
  <system-out/>
  <testcase classname="Runner_files.Login_positive_scenario_runner" name="runScenario" time="17.439"/>
  <system-out/>
  <testcase classname="Runner_files.Login_positive_scenario_runner" name="runScenario" time="4.204"/>
  <system-out/>
  <testcase classname="Runner_files.Login_positive_scenario_runner" name="runScenario" time="2.848"/>
  <system-out/>
</testsuite> <!-- Runner_files.Login_positive_scenario_runner -->
