<?xml version="1.0" encoding="UTF-8"?>
<!-- Generated by org.testng.reporters.JUnitReportReporter -->
<testsuite hostname="DESKTOP-NG3RBDE" failures="0" tests="3" name="Runner_files.Forgot_positive_scenario_runner" time="23.370" errors="0" timestamp="2021-05-07T13:16:31 IST" skipped="0">
  <testcase classname="Runner_files.Forgot_positive_scenario_runner" name="runScenario" time="3.941"/>
  <system-out/>
  <testcase classname="Runner_files.Forgot_positive_scenario_runner" name="runScenario" time="17.259"/>
  <system-out/>
  <testcase classname="Runner_files.Forgot_positive_scenario_runner" name="runScenario" time="2.170"/>
  <system-out/>
</testsuite> <!-- Runner_files.Forgot_positive_scenario_runner -->
