<?xml version="1.0" encoding="UTF-8"?>
<!-- Generated by org.testng.reporters.JUnitReportReporter -->
<testsuite hostname="DESKTOP-NG3RBDE" failures="0" tests="5" name="Runner_files.Forgot_negative_scenario_runner" time="53.428" errors="0" timestamp="2021-05-07T13:15:55 IST" skipped="0">
  <testcase classname="Runner_files.Forgot_negative_scenario_runner" name="runScenario" time="11.660"/>
  <system-out/>
  <testcase classname="Runner_files.Forgot_negative_scenario_runner" name="runScenario" time="8.519"/>
  <system-out/>
  <testcase classname="Runner_files.Forgot_negative_scenario_runner" name="runScenario" time="8.532"/>
  <system-out/>
  <testcase classname="Runner_files.Forgot_negative_scenario_runner" name="runScenario" time="6.380"/>
  <system-out/>
  <testcase classname="Runner_files.Forgot_negative_scenario_runner" name="runScenario" time="18.337"/>
  <system-out/>
</testsuite> <!-- Runner_files.Forgot_negative_scenario_runner -->
